# JRE version: OpenJDK Runtime Environment (25.0.2+10) (build 25.0.2+10-69)
# Java VM: OpenJDK 64-Bit Server VM (25.0.2+10-69, mixed mode, sharing, tiered, compressed oops, compressed class ptrs, g1 gc, windows-amd64)
GC Precious Log:
 CardTable entry size: 512
 Card Set container configuration: InlinePtr #cards 5 size 8 Array Of Cards #cards 10 size 36 Howl #buckets 4 coarsen threshold 1843 Howl Bitmap #cards 512 size 80 coarsen threshold 460 Card regions per heap region 1 cards per card region 2048
 CPUs: 12 total, 12 available
 Memory: 7860M
 Large Page Support: Disabled
 NUMA Support: Disabled
 Compressed Oops: Enabled (32-bit)
 Heap Region Size: 1M
 Heap Min Capacity: 8M
 Heap Initial Capacity: 124M
 Heap Max Capacity: 1966M
 Pre-touch: Disabled
 Parallel Workers: 10
 Concurrent Workers: 3
 Concurrent Refinement Workers: 10
 Periodic GC: Disabled
Heap:
 garbage-first heap   total reserved 2013184K, committed 89088K, used 76326K [0x0000000085200000, 0x0000000100000000)
  region size 1024K, 34 young (34816K), 2 survivors (2048K)
GC Heap Usage History (20 events):
Event: 311.874 {heap Before GC invocations=10 (full 0):
 garbage-first heap   total reserved 2013184K, committed 89088K, used 77727K [0x0000000085200000, 0x0000000100000000)
  region size 1024K, 33 young (33792K), 1 survivors (1024K)
}
Event: 311.877 {heap After GC invocations=11 (full 0):
 garbage-first heap   total reserved 2013184K, committed 89088K, used 45001K [0x0000000085200000, 0x0000000100000000)
  region size 1024K, 1 young (1024K), 1 survivors (1024K)
}
Event: 351.952 {heap Before GC invocations=11 (full 0):
 garbage-first heap   total reserved 2013184K, committed 89088K, used 78793K [0x0000000085200000, 0x0000000100000000)
  region size 1024K, 34 young (34816K), 1 survivors (1024K)
}
Event: 351.957 {heap After GC invocations=12 (full 0):
 garbage-first heap   total reserved 2013184K, committed 89088K, used 45155K [0x0000000085200000, 0x0000000100000000)
  region size 1024K, 2 young (2048K), 2 survivors (2048K)
}
Event: 401.728 {heap Before GC invocations=13 (full 0):
 garbage-first heap   total reserved 2013184K, committed 89088K, used 78947K [0x0000000085200000, 0x0000000100000000)
  region size 1024K, 35 young (35840K), 2 survivors (2048K)
}
Event: 401.734 {heap After GC invocations=14 (full 0):
 garbage-first heap   total reserved 2013184K, committed 89088K, used 44841K [0x0000000085200000, 0x0000000100000000)
  region size 1024K, 1 young (1024K), 1 survivors (1024K)
}
Event: 436.881 {heap Before GC invocations=14 (full 0):
 garbage-first heap   total reserved 2013184K, committed 89088K, used 80681K [0x0000000085200000, 0x0000000100000000)
  region size 1024K, 36 young (36864K), 1 survivors (1024K)
}
Event: 436.885 {heap After GC invocations=15 (full 0):
 garbage-first heap   total reserved 2013184K, committed 89088K, used 44678K [0x0000000085200000, 0x0000000100000000)
  region size 1024K, 1 young (1024K), 1 survivors (1024K)
}
Event: 485.796 {heap Before GC invocations=15 (full 0):
 garbage-first heap   total reserved 2013184K, committed 89088K, used 82566K [0x0000000085200000, 0x0000000100000000)
  region size 1024K, 38 young (38912K), 1 survivors (1024K)
}
Event: 485.802 {heap After GC invocations=16 (full 0):
 garbage-first heap   total reserved 2013184K, committed 89088K, used 44729K [0x0000000085200000, 0x0000000100000000)
  region size 1024K, 1 young (1024K), 1 survivors (1024K)
}
Event: 511.916 {heap Before GC invocations=17 (full 0):
 garbage-first heap   total reserved 2013184K, committed 89088K, used 83641K [0x0000000085200000, 0x0000000100000000)
  region size 1024K, 39 young (39936K), 1 survivors (1024K)
}
Event: 511.923 {heap After GC invocations=18 (full 0):
 garbage-first heap   total reserved 2013184K, committed 89088K, used 45018K [0x0000000085200000, 0x0000000100000000)
  region size 1024K, 2 young (2048K), 2 survivors (2048K)
}
Event: 541.747 {heap Before GC invocations=18 (full 0):
 garbage-first heap   total reserved 2013184K, committed 89088K, used 82906K [0x0000000085200000, 0x0000000100000000)
  region size 1024K, 39 young (39936K), 2 survivors (2048K)
}
Event: 541.753 {heap After GC invocations=19 (full 0):
 garbage-first heap   total reserved 2013184K, committed 89088K, used 44916K [0x0000000085200000, 0x0000000100000000)
  region size 1024K, 2 young (2048K), 2 survivors (2048K)
}
Event: 566.887 {heap Before GC invocations=19 (full 0):
 garbage-first heap   total reserved 2013184K, committed 89088K, used 82804K [0x0000000085200000, 0x0000000100000000)
  region size 1024K, 39 young (39936K), 2 survivors (2048K)
}
Event: 566.898 {heap After GC invocations=20 (full 0):
 garbage-first heap   total reserved 2013184K, committed 89088K, used 44817K [0x0000000085200000, 0x0000000100000000)
  region size 1024K, 2 young (2048K), 2 survivors (2048K)
}
Event: 587.751 {heap Before GC invocations=21 (full 0):
 garbage-first heap   total reserved 2013184K, committed 89088K, used 82705K [0x0000000085200000, 0x0000000100000000)
  region size 1024K, 39 young (39936K), 2 survivors (2048K)
}
Event: 587.756 {heap After GC invocations=22 (full 0):
 garbage-first heap   total reserved 2013184K, committed 89088K, used 44710K [0x0000000085200000, 0x0000000100000000)
  region size 1024K, 2 young (2048K), 2 survivors (2048K)
}
Event: 613.768 {heap Before GC invocations=22 (full 0):
 garbage-first heap   total reserved 2013184K, committed 89088K, used 82598K [0x0000000085200000, 0x0000000100000000)
  region size 1024K, 39 young (39936K), 2 survivors (2048K)
}
Event: 613.806 {heap After GC invocations=23 (full 0):
 garbage-first heap   total reserved 2013184K, committed 89088K, used 44582K [0x0000000085200000, 0x0000000100000000)
  region size 1024K, 2 young (2048K), 2 survivors (2048K)
}

