# JRE version: OpenJDK Runtime Environment (25.0.2+10) (build 25.0.2+10-69)
# Java VM: OpenJDK 64-Bit Server VM (25.0.2+10-69, mixed mode, sharing, tiered, compressed oops, compressed class ptrs, g1 gc, windows-amd64)
GC Precious Log:
 CardTable entry size: 512
 Card Set container configuration: InlinePtr #cards 5 size 8 Array Of Cards #cards 10 size 36 Howl #buckets 4 coarsen threshold 1843 Howl Bitmap #cards 512 size 80 coarsen threshold 460 Card regions per heap region 1 cards per card region 2048
 CPUs: 12 total, 12 available
 Memory: 7860M
 Large Page Support: Disabled
 NUMA Support: Disabled
 Compressed Oops: Enabled (32-bit)
 Heap Region Size: 1M
 Heap Min Capacity: 8M
 Heap Initial Capacity: 124M
 Heap Max Capacity: 1966M
 Pre-touch: Disabled
 Parallel Workers: 10
 Concurrent Workers: 3
 Concurrent Refinement Workers: 10
 Periodic GC: Disabled
Heap:
 garbage-first heap   total reserved 2013184K, committed 70656K, used 49783K [0x0000000085200000, 0x0000000100000000)
  region size 1024K, 17 young (17408K), 3 survivors (3072K)
GC Heap Usage History (14 events):
Event: 2.419 {heap Before GC invocations=0 (full 0):
 garbage-first heap   total reserved 2013184K, committed 129024K, used 49299K [0x0000000085200000, 0x0000000100000000)
  region size 1024K, 47 young (48128K), 0 survivors (0K)
}
Event: 2.425 {heap After GC invocations=1 (full 0):
 garbage-first heap   total reserved 2013184K, committed 129024K, used 8287K [0x0000000085200000, 0x0000000100000000)
  region size 1024K, 6 young (6144K), 6 survivors (6144K)
}
Event: 3.033 {heap Before GC invocations=1 (full 0):
 garbage-first heap   total reserved 2013184K, committed 129024K, used 46175K [0x0000000085200000, 0x0000000100000000)
  region size 1024K, 39 young (39936K), 6 survivors (6144K)
}
Event: 3.039 {heap After GC invocations=2 (full 0):
 garbage-first heap   total reserved 2013184K, committed 129024K, used 16671K [0x0000000085200000, 0x0000000100000000)
  region size 1024K, 3 young (3072K), 3 survivors (3072K)
}
Event: 5.778 {heap Before GC invocations=3 (full 0):
 garbage-first heap   total reserved 2013184K, committed 61440K, used 59679K [0x0000000085200000, 0x0000000100000000)
  region size 1024K, 40 young (40960K), 3 survivors (3072K)
}
Event: 5.785 {heap After GC invocations=4 (full 0):
 garbage-first heap   total reserved 2013184K, committed 68608K, used 25470K [0x0000000085200000, 0x0000000100000000)
  region size 1024K, 7 young (7168K), 7 survivors (7168K)
}
Event: 6.031 {heap Before GC invocations=4 (full 0):
 garbage-first heap   total reserved 2013184K, committed 68608K, used 50046K [0x0000000085200000, 0x0000000100000000)
  region size 1024K, 31 young (31744K), 7 survivors (7168K)
}
Event: 6.035 {heap After GC invocations=5 (full 0):
 garbage-first heap   total reserved 2013184K, committed 68608K, used 28837K [0x0000000085200000, 0x0000000100000000)
  region size 1024K, 4 young (4096K), 4 survivors (4096K)
}
Event: 6.548 {heap Before GC invocations=5 (full 0):
 garbage-first heap   total reserved 2013184K, committed 68608K, used 53413K [0x0000000085200000, 0x0000000100000000)
  region size 1024K, 27 young (27648K), 4 survivors (4096K)
}
Event: 6.553 {heap After GC invocations=6 (full 0):
 garbage-first heap   total reserved 2013184K, committed 68608K, used 34530K [0x0000000085200000, 0x0000000100000000)
  region size 1024K, 4 young (4096K), 4 survivors (4096K)
}
Event: 6.657 {heap Before GC invocations=6 (full 0):
 garbage-first heap   total reserved 2013184K, committed 68608K, used 35554K [0x0000000085200000, 0x0000000100000000)
  region size 1024K, 6 young (6144K), 4 survivors (4096K)
}
Event: 6.659 {heap After GC invocations=7 (full 0):
 garbage-first heap   total reserved 2013184K, committed 68608K, used 35030K [0x0000000085200000, 0x0000000100000000)
  region size 1024K, 1 young (1024K), 1 survivors (1024K)
}
Event: 10.048 {heap Before GC invocations=8 (full 0):
 garbage-first heap   total reserved 2013184K, committed 70656K, used 60630K [0x0000000085200000, 0x0000000100000000)
  region size 1024K, 22 young (22528K), 1 survivors (1024K)
}
Event: 10.053 {heap After GC invocations=9 (full 0):
 garbage-first heap   total reserved 2013184K, committed 70656K, used 36471K [0x0000000085200000, 0x0000000100000000)
  region size 1024K, 3 young (3072K), 3 survivors (3072K)
}

