# JRE version: OpenJDK Runtime Environment (25.0.2+10) (build 25.0.2+10-69)
# Java VM: OpenJDK 64-Bit Server VM (25.0.2+10-69, mixed mode, sharing, tiered, compressed oops, compressed class ptrs, g1 gc, windows-amd64)
GC Precious Log:
 CardTable entry size: 512
 Card Set container configuration: InlinePtr #cards 5 size 8 Array Of Cards #cards 10 size 36 Howl #buckets 4 coarsen threshold 1843 Howl Bitmap #cards 512 size 80 coarsen threshold 460 Card regions per heap region 1 cards per card region 2048
 CPUs: 12 total, 12 available
 Memory: 7860M
 Large Page Support: Disabled
 NUMA Support: Disabled
 Compressed Oops: Enabled (32-bit)
 Heap Region Size: 1M
 Heap Min Capacity: 8M
 Heap Initial Capacity: 124M
 Heap Max Capacity: 1966M
 Pre-touch: Disabled
 Parallel Workers: 10
 Concurrent Workers: 3
 Concurrent Refinement Workers: 10
 Periodic GC: Disabled
Heap:
 garbage-first heap   total reserved 2013184K, committed 111616K, used 73449K [0x0000000085200000, 0x0000000100000000)
  region size 1024K, 8 young (8192K), 3 survivors (3072K)
GC Heap Usage History (20 events):
Event: 13.751 {heap Before GC invocations=8 (full 0):
 garbage-first heap   total reserved 2013184K, committed 72704K, used 66633K [0x0000000085200000, 0x0000000100000000)
  region size 1024K, 24 young (24576K), 4 survivors (4096K)
}
Event: 13.756 {heap After GC invocations=9 (full 0):
 garbage-first heap   total reserved 2013184K, committed 75776K, used 50515K [0x0000000085200000, 0x0000000100000000)
  region size 1024K, 3 young (3072K), 3 survivors (3072K)
}
Event: 16.948 {heap Before GC invocations=9 (full 0):
 garbage-first heap   total reserved 2013184K, committed 75776K, used 66899K [0x0000000085200000, 0x0000000100000000)
  region size 1024K, 19 young (19456K), 3 survivors (3072K)
}
Event: 16.955 {heap After GC invocations=10 (full 0):
 garbage-first heap   total reserved 2013184K, committed 75776K, used 51941K [0x0000000085200000, 0x0000000100000000)
  region size 1024K, 2 young (2048K), 2 survivors (2048K)
}
Event: 25.278 {heap Before GC invocations=10 (full 0):
 garbage-first heap   total reserved 2013184K, committed 75776K, used 68325K [0x0000000085200000, 0x0000000100000000)
  region size 1024K, 18 young (18432K), 2 survivors (2048K)
}
Event: 25.283 {heap After GC invocations=11 (full 0):
 garbage-first heap   total reserved 2013184K, committed 75776K, used 52561K [0x0000000085200000, 0x0000000100000000)
  region size 1024K, 3 young (3072K), 3 survivors (3072K)
}
Event: 238.697 {heap Before GC invocations=12 (full 0):
 garbage-first heap   total reserved 2013184K, committed 86016K, used 66897K [0x0000000085200000, 0x0000000100000000)
  region size 1024K, 19 young (19456K), 3 survivors (3072K)
}
Event: 238.756 {heap After GC invocations=13 (full 0):
 garbage-first heap   total reserved 2013184K, committed 86016K, used 50865K [0x0000000085200000, 0x0000000100000000)
  region size 1024K, 2 young (2048K), 2 survivors (2048K)
}
Event: 630.464 {heap Before GC invocations=13 (full 0):
 garbage-first heap   total reserved 2013184K, committed 86016K, used 76465K [0x0000000085200000, 0x0000000100000000)
  region size 1024K, 27 young (27648K), 2 survivors (2048K)
}
Event: 630.522 {heap After GC invocations=14 (full 0):
 garbage-first heap   total reserved 2013184K, committed 86016K, used 50459K [0x0000000085200000, 0x0000000100000000)
  region size 1024K, 2 young (2048K), 2 survivors (2048K)
}
Event: 655.274 {heap Before GC invocations=14 (full 0):
 garbage-first heap   total reserved 2013184K, committed 86016K, used 59675K [0x0000000085200000, 0x0000000100000000)
  region size 1024K, 12 young (12288K), 2 survivors (2048K)
}
Event: 655.289 {heap After GC invocations=15 (full 0):
 garbage-first heap   total reserved 2013184K, committed 86016K, used 51409K [0x0000000085200000, 0x0000000100000000)
  region size 1024K, 3 young (3072K), 3 survivors (3072K)
}
Event: 659.507 {heap Before GC invocations=16 (full 0):
 garbage-first heap   total reserved 2013184K, committed 86016K, used 77009K [0x0000000085200000, 0x0000000100000000)
  region size 1024K, 29 young (29696K), 3 survivors (3072K)
}
Event: 659.528 {heap After GC invocations=17 (full 0):
 garbage-first heap   total reserved 2013184K, committed 86016K, used 53619K [0x0000000085200000, 0x0000000100000000)
  region size 1024K, 4 young (4096K), 4 survivors (4096K)
}
Event: 669.063 {heap Before GC invocations=17 (full 0):
 garbage-first heap   total reserved 2013184K, committed 86016K, used 82291K [0x0000000085200000, 0x0000000100000000)
  region size 1024K, 28 young (28672K), 4 survivors (4096K)
}
Event: 669.075 {heap After GC invocations=18 (full 0):
 garbage-first heap   total reserved 2013184K, committed 91136K, used 61018K [0x0000000085200000, 0x0000000100000000)
  region size 1024K, 4 young (4096K), 4 survivors (4096K)
}
Event: 670.352 {heap Before GC invocations=18 (full 0):
 garbage-first heap   total reserved 2013184K, committed 91136K, used 66138K [0x0000000085200000, 0x0000000100000000)
  region size 1024K, 10 young (10240K), 4 survivors (4096K)
}
Event: 670.355 {heap After GC invocations=19 (full 0):
 garbage-first heap   total reserved 2013184K, committed 91136K, used 61991K [0x0000000085200000, 0x0000000100000000)
  region size 1024K, 1 young (1024K), 1 survivors (1024K)
}
Event: 670.526 {heap Before GC invocations=20 (full 0):
 garbage-first heap   total reserved 2013184K, committed 111616K, used 87591K [0x0000000085200000, 0x0000000100000000)
  region size 1024K, 22 young (22528K), 1 survivors (1024K)
}
Event: 670.531 {heap After GC invocations=21 (full 0):
 garbage-first heap   total reserved 2013184K, committed 111616K, used 69353K [0x0000000085200000, 0x0000000100000000)
  region size 1024K, 3 young (3072K), 3 survivors (3072K)
}

